[0m[1mterminal font change escape sequences[0m
0: [0mnormal          [40;39m0=[49;30m000 [41;39m1=[49;31m001 [42;39m2=[49;32m010 [43;39m3=[49;33m011 [44;39m4=[49;34m100 [45;39m5=[49;35m101 [46;39m6=[49;36m110 [47;39m7=[49;37m111 [48;39m8=[49;38m000 [49;39m9=[49;39m001 [0m
1: [1mhighlighted     [40;39m0=[49;30m000 [41;39m1=[49;31m001 [42;39m2=[49;32m010 [43;39m3=[49;33m011 [44;39m4=[49;34m100 [45;39m5=[49;35m101 [46;39m6=[49;36m110 [47;39m7=[49;37m111 [48;39m8=[49;38m000 [49;39m9=[49;39m001 [0m
2: [2mlowlighted      [40;39m0=[49;30m000 [41;39m1=[49;31m001 [42;39m2=[49;32m010 [43;39m3=[49;33m011 [44;39m4=[49;34m100 [45;39m5=[49;35m101 [46;39m6=[49;36m110 [47;39m7=[49;37m111 [48;39m8=[49;38m000 [49;39m9=[49;39m001 [0m
3: [3m(fg)            [40;39m0=[49;30m000 [41;39m1=[49;31m001 [42;39m2=[49;32m010 [43;39m3=[49;33m011 [44;39m4=[49;34m100 [45;39m5=[49;35m101 [46;39m6=[49;36m110 [47;39m7=[49;37m111 [48;39m8=[49;38m000 [49;39m9=[49;39m001 [0m
4: [4munderlined (bg) [40;39m0=[49;30m000 [41;39m1=[49;31m001 [42;39m2=[49;32m010 [43;39m3=[49;33m011 [44;39m4=[49;34m100 [45;39m5=[49;35m101 [46;39m6=[49;36m110 [47;39m7=[49;37m111 [48;39m8=[49;38m000 [49;39m9=[49;39m001 [0m
5: [5mbold            [40;39m0=[49;30m000 [41;39m1=[49;31m001 [42;39m2=[49;32m010 [43;39m3=[49;33m011 [44;39m4=[49;34m100 [45;39m5=[49;35m101 [46;39m6=[49;36m110 [47;39m7=[49;37m111 [48;39m8=[49;38m000 [49;39m9=[49;39m001 [0m
6: [6mno effect?      [40;39m0=[49;30m000 [41;39m1=[49;31m001 [42;39m2=[49;32m010 [43;39m3=[49;33m011 [44;39m4=[49;34m100 [45;39m5=[49;35m101 [46;39m6=[49;36m110 [47;39m7=[49;37m111 [48;39m8=[49;38m000 [49;39m9=[49;39m001 [0m
7: [7minversed video  [40;39m0=[49;30m000 [41;39m1=[49;31m001 [42;39m2=[49;32m010 [43;39m3=[49;33m011 [44;39m4=[49;34m100 [45;39m5=[49;35m101 [46;39m6=[49;36m110 [47;39m7=[49;37m111 [48;39m8=[49;38m000 [49;39m9=[49;39m001 [0m
8: [8mout of range?   [40;39m0=[49;30m000 [41;39m1=[49;31m001 [42;39m2=[49;32m010 [43;39m3=[49;33m011 [44;39m4=[49;34m100 [45;39m5=[49;35m101 [46;39m6=[49;36m110 [47;39m7=[49;37m111 [48;39m8=[49;38m000 [49;39m9=[49;39m001 [0m
9: [9mout of range?   [40;39m0=[49;30m000 [41;39m1=[49;31m001 [42;39m2=[49;32m010 [43;39m3=[49;33m011 [44;39m4=[49;34m100 [45;39m5=[49;35m101 [46;39m6=[49;36m110 [47;39m7=[49;37m111 [48;39m8=[49;38m000 [49;39m9=[49;39m001 [0m
0: [0mnormal         [0m
[0;40;30m000/000[0m [0;41;30m000/001[0m [0;42;30m000/010[0m [0;43;30m000/011[0m [0;44;30m000/100[0m [0;45;30m000/101[0m [0;46;30m000/110[0m [0;47;30m000/111[0m [0;48;30m000/000[0m [0;49;30m000/001[0m 
[0;40;31m001/000[0m [0;41;31m001/001[0m [0;42;31m001/010[0m [0;43;31m001/011[0m [0;44;31m001/100[0m [0;45;31m001/101[0m [0;46;31m001/110[0m [0;47;31m001/111[0m [0;48;31m001/000[0m [0;49;31m001/001[0m 
[0;40;32m010/000[0m [0;41;32m010/001[0m [0;42;32m010/010[0m [0;43;32m010/011[0m [0;44;32m010/100[0m [0;45;32m010/101[0m [0;46;32m010/110[0m [0;47;32m010/111[0m [0;48;32m010/000[0m [0;49;32m010/001[0m 
[0;40;33m011/000[0m [0;41;33m011/001[0m [0;42;33m011/010[0m [0;43;33m011/011[0m [0;44;33m011/100[0m [0;45;33m011/101[0m [0;46;33m011/110[0m [0;47;33m011/111[0m [0;48;33m011/000[0m [0;49;33m011/001[0m 
[0;40;34m100/000[0m [0;41;34m100/001[0m [0;42;34m100/010[0m [0;43;34m100/011[0m [0;44;34m100/100[0m [0;45;34m100/101[0m [0;46;34m100/110[0m [0;47;34m100/111[0m [0;48;34m100/000[0m [0;49;34m100/001[0m 
[0;40;35m101/000[0m [0;41;35m101/001[0m [0;42;35m101/010[0m [0;43;35m101/011[0m [0;44;35m101/100[0m [0;45;35m101/101[0m [0;46;35m101/110[0m [0;47;35m101/111[0m [0;48;35m101/000[0m [0;49;35m101/001[0m 
[0;40;36m110/000[0m [0;41;36m110/001[0m [0;42;36m110/010[0m [0;43;36m110/011[0m [0;44;36m110/100[0m [0;45;36m110/101[0m [0;46;36m110/110[0m [0;47;36m110/111[0m [0;48;36m110/000[0m [0;49;36m110/001[0m 
[0;40;37m111/000[0m [0;41;37m111/001[0m [0;42;37m111/010[0m [0;43;37m111/011[0m [0;44;37m111/100[0m [0;45;37m111/101[0m [0;46;37m111/110[0m [0;47;37m111/111[0m [0;48;37m111/000[0m [0;49;37m111/001[0m 
[0;40;38m000/000[0m [0;41;38m000/001[0m [0;42;38m000/010[0m [0;43;38m000/011[0m [0;44;38m000/100[0m [0;45;38m000/101[0m [0;46;38m000/110[0m [0;47;38m000/111[0m [0;48;38m000/000[0m [0;49;38m000/001[0m 
[0;40;39m001/000[0m [0;41;39m001/001[0m [0;42;39m001/010[0m [0;43;39m001/011[0m [0;44;39m001/100[0m [0;45;39m001/101[0m [0;46;39m001/110[0m [0;47;39m001/111[0m [0;48;39m001/000[0m [0;49;39m001/001[0m 
1: [1mhighlighted    [0m
[1;40;30m000/000[0m [1;41;30m000/001[0m [1;42;30m000/010[0m [1;43;30m000/011[0m [1;44;30m000/100[0m [1;45;30m000/101[0m [1;46;30m000/110[0m [1;47;30m000/111[0m [1;48;30m000/000[0m [1;49;30m000/001[0m 
[1;40;31m001/000[0m [1;41;31m001/001[0m [1;42;31m001/010[0m [1;43;31m001/011[0m [1;44;31m001/100[0m [1;45;31m001/101[0m [1;46;31m001/110[0m [1;47;31m001/111[0m [1;48;31m001/000[0m [1;49;31m001/001[0m 
[1;40;32m010/000[0m [1;41;32m010/001[0m [1;42;32m010/010[0m [1;43;32m010/011[0m [1;44;32m010/100[0m [1;45;32m010/101[0m [1;46;32m010/110[0m [1;47;32m010/111[0m [1;48;32m010/000[0m [1;49;32m010/001[0m 
[1;40;33m011/000[0m [1;41;33m011/001[0m [1;42;33m011/010[0m [1;43;33m011/011[0m [1;44;33m011/100[0m [1;45;33m011/101[0m [1;46;33m011/110[0m [1;47;33m011/111[0m [1;48;33m011/000[0m [1;49;33m011/001[0m 
[1;40;34m100/000[0m [1;41;34m100/001[0m [1;42;34m100/010[0m [1;43;34m100/011[0m [1;44;34m100/100[0m [1;45;34m100/101[0m [1;46;34m100/110[0m [1;47;34m100/111[0m [1;48;34m100/000[0m [1;49;34m100/001[0m 
[1;40;35m101/000[0m [1;41;35m101/001[0m [1;42;35m101/010[0m [1;43;35m101/011[0m [1;44;35m101/100[0m [1;45;35m101/101[0m [1;46;35m101/110[0m [1;47;35m101/111[0m [1;48;35m101/000[0m [1;49;35m101/001[0m 
[1;40;36m110/000[0m [1;41;36m110/001[0m [1;42;36m110/010[0m [1;43;36m110/011[0m [1;44;36m110/100[0m [1;45;36m110/101[0m [1;46;36m110/110[0m [1;47;36m110/111[0m [1;48;36m110/000[0m [1;49;36m110/001[0m 
[1;40;37m111/000[0m [1;41;37m111/001[0m [1;42;37m111/010[0m [1;43;37m111/011[0m [1;44;37m111/100[0m [1;45;37m111/101[0m [1;46;37m111/110[0m [1;47;37m111/111[0m [1;48;37m111/000[0m [1;49;37m111/001[0m 
[1;40;38m000/000[0m [1;41;38m000/001[0m [1;42;38m000/010[0m [1;43;38m000/011[0m [1;44;38m000/100[0m [1;45;38m000/101[0m [1;46;38m000/110[0m [1;47;38m000/111[0m [1;48;38m000/000[0m [1;49;38m000/001[0m 
[1;40;39m001/000[0m [1;41;39m001/001[0m [1;42;39m001/010[0m [1;43;39m001/011[0m [1;44;39m001/100[0m [1;45;39m001/101[0m [1;46;39m001/110[0m [1;47;39m001/111[0m [1;48;39m001/000[0m [1;49;39m001/001[0m 
2: [2mlowlighted     [0m
[2;40;30m000/000[0m [2;41;30m000/001[0m [2;42;30m000/010[0m [2;43;30m000/011[0m [2;44;30m000/100[0m [2;45;30m000/101[0m [2;46;30m000/110[0m [2;47;30m000/111[0m [2;48;30m000/000[0m [2;49;30m000/001[0m 
[2;40;31m001/000[0m [2;41;31m001/001[0m [2;42;31m001/010[0m [2;43;31m001/011[0m [2;44;31m001/100[0m [2;45;31m001/101[0m [2;46;31m001/110[0m [2;47;31m001/111[0m [2;48;31m001/000[0m [2;49;31m001/001[0m 
[2;40;32m010/000[0m [2;41;32m010/001[0m [2;42;32m010/010[0m [2;43;32m010/011[0m [2;44;32m010/100[0m [2;45;32m010/101[0m [2;46;32m010/110[0m [2;47;32m010/111[0m [2;48;32m010/000[0m [2;49;32m010/001[0m 
[2;40;33m011/000[0m [2;41;33m011/001[0m [2;42;33m011/010[0m [2;43;33m011/011[0m [2;44;33m011/100[0m [2;45;33m011/101[0m [2;46;33m011/110[0m [2;47;33m011/111[0m [2;48;33m011/000[0m [2;49;33m011/001[0m 
[2;40;34m100/000[0m [2;41;34m100/001[0m [2;42;34m100/010[0m [2;43;34m100/011[0m [2;44;34m100/100[0m [2;45;34m100/101[0m [2;46;34m100/110[0m [2;47;34m100/111[0m [2;48;34m100/000[0m [2;49;34m100/001[0m 
[2;40;35m101/000[0m [2;41;35m101/001[0m [2;42;35m101/010[0m [2;43;35m101/011[0m [2;44;35m101/100[0m [2;45;35m101/101[0m [2;46;35m101/110[0m [2;47;35m101/111[0m [2;48;35m101/000[0m [2;49;35m101/001[0m 
[2;40;36m110/000[0m [2;41;36m110/001[0m [2;42;36m110/010[0m [2;43;36m110/011[0m [2;44;36m110/100[0m [2;45;36m110/101[0m [2;46;36m110/110[0m [2;47;36m110/111[0m [2;48;36m110/000[0m [2;49;36m110/001[0m 
[2;40;37m111/000[0m [2;41;37m111/001[0m [2;42;37m111/010[0m [2;43;37m111/011[0m [2;44;37m111/100[0m [2;45;37m111/101[0m [2;46;37m111/110[0m [2;47;37m111/111[0m [2;48;37m111/000[0m [2;49;37m111/001[0m 
[2;40;38m000/000[0m [2;41;38m000/001[0m [2;42;38m000/010[0m [2;43;38m000/011[0m [2;44;38m000/100[0m [2;45;38m000/101[0m [2;46;38m000/110[0m [2;47;38m000/111[0m [2;48;38m000/000[0m [2;49;38m000/001[0m 
[2;40;39m001/000[0m [2;41;39m001/001[0m [2;42;39m001/010[0m [2;43;39m001/011[0m [2;44;39m001/100[0m [2;45;39m001/101[0m [2;46;39m001/110[0m [2;47;39m001/111[0m [2;48;39m001/000[0m [2;49;39m001/001[0m 
3: [3m(fg)           [0m
[3;40;30m000/000[0m [3;41;30m000/001[0m [3;42;30m000/010[0m [3;43;30m000/011[0m [3;44;30m000/100[0m [3;45;30m000/101[0m [3;46;30m000/110[0m [3;47;30m000/111[0m [3;48;30m000/000[0m [3;49;30m000/001[0m 
[3;40;31m001/000[0m [3;41;31m001/001[0m [3;42;31m001/010[0m [3;43;31m001/011[0m [3;44;31m001/100[0m [3;45;31m001/101[0m [3;46;31m001/110[0m [3;47;31m001/111[0m [3;48;31m001/000[0m [3;49;31m001/001[0m 
[3;40;32m010/000[0m [3;41;32m010/001[0m [3;42;32m010/010[0m [3;43;32m010/011[0m [3;44;32m010/100[0m [3;45;32m010/101[0m [3;46;32m010/110[0m [3;47;32m010/111[0m [3;48;32m010/000[0m [3;49;32m010/001[0m 
[3;40;33m011/000[0m [3;41;33m011/001[0m [3;42;33m011/010[0m [3;43;33m011/011[0m [3;44;33m011/100[0m [3;45;33m011/101[0m [3;46;33m011/110[0m [3;47;33m011/111[0m [3;48;33m011/000[0m [3;49;33m011/001[0m 
[3;40;34m100/000[0m [3;41;34m100/001[0m [3;42;34m100/010[0m [3;43;34m100/011[0m [3;44;34m100/100[0m [3;45;34m100/101[0m [3;46;34m100/110[0m [3;47;34m100/111[0m [3;48;34m100/000[0m [3;49;34m100/001[0m 
[3;40;35m101/000[0m [3;41;35m101/001[0m [3;42;35m101/010[0m [3;43;35m101/011[0m [3;44;35m101/100[0m [3;45;35m101/101[0m [3;46;35m101/110[0m [3;47;35m101/111[0m [3;48;35m101/000[0m [3;49;35m101/001[0m 
[3;40;36m110/000[0m [3;41;36m110/001[0m [3;42;36m110/010[0m [3;43;36m110/011[0m [3;44;36m110/100[0m [3;45;36m110/101[0m [3;46;36m110/110[0m [3;47;36m110/111[0m [3;48;36m110/000[0m [3;49;36m110/001[0m 
[3;40;37m111/000[0m [3;41;37m111/001[0m [3;42;37m111/010[0m [3;43;37m111/011[0m [3;44;37m111/100[0m [3;45;37m111/101[0m [3;46;37m111/110[0m [3;47;37m111/111[0m [3;48;37m111/000[0m [3;49;37m111/001[0m 
[3;40;38m000/000[0m [3;41;38m000/001[0m [3;42;38m000/010[0m [3;43;38m000/011[0m [3;44;38m000/100[0m [3;45;38m000/101[0m [3;46;38m000/110[0m [3;47;38m000/111[0m [3;48;38m000/000[0m [3;49;38m000/001[0m 
[3;40;39m001/000[0m [3;41;39m001/001[0m [3;42;39m001/010[0m [3;43;39m001/011[0m [3;44;39m001/100[0m [3;45;39m001/101[0m [3;46;39m001/110[0m [3;47;39m001/111[0m [3;48;39m001/000[0m [3;49;39m001/001[0m 
4: [4munderlined (bg)[0m
[4;40;30m000/000[0m [4;41;30m000/001[0m [4;42;30m000/010[0m [4;43;30m000/011[0m [4;44;30m000/100[0m [4;45;30m000/101[0m [4;46;30m000/110[0m [4;47;30m000/111[0m [4;48;30m000/000[0m [4;49;30m000/001[0m 
[4;40;31m001/000[0m [4;41;31m001/001[0m [4;42;31m001/010[0m [4;43;31m001/011[0m [4;44;31m001/100[0m [4;45;31m001/101[0m [4;46;31m001/110[0m [4;47;31m001/111[0m [4;48;31m001/000[0m [4;49;31m001/001[0m 
[4;40;32m010/000[0m [4;41;32m010/001[0m [4;42;32m010/010[0m [4;43;32m010/011[0m [4;44;32m010/100[0m [4;45;32m010/101[0m [4;46;32m010/110[0m [4;47;32m010/111[0m [4;48;32m010/000[0m [4;49;32m010/001[0m 
[4;40;33m011/000[0m [4;41;33m011/001[0m [4;42;33m011/010[0m [4;43;33m011/011[0m [4;44;33m011/100[0m [4;45;33m011/101[0m [4;46;33m011/110[0m [4;47;33m011/111[0m [4;48;33m011/000[0m [4;49;33m011/001[0m 
[4;40;34m100/000[0m [4;41;34m100/001[0m [4;42;34m100/010[0m [4;43;34m100/011[0m [4;44;34m100/100[0m [4;45;34m100/101[0m [4;46;34m100/110[0m [4;47;34m100/111[0m [4;48;34m100/000[0m [4;49;34m100/001[0m 
[4;40;35m101/000[0m [4;41;35m101/001[0m [4;42;35m101/010[0m [4;43;35m101/011[0m [4;44;35m101/100[0m [4;45;35m101/101[0m [4;46;35m101/110[0m [4;47;35m101/111[0m [4;48;35m101/000[0m [4;49;35m101/001[0m 
[4;40;36m110/000[0m [4;41;36m110/001[0m [4;42;36m110/010[0m [4;43;36m110/011[0m [4;44;36m110/100[0m [4;45;36m110/101[0m [4;46;36m110/110[0m [4;47;36m110/111[0m [4;48;36m110/000[0m [4;49;36m110/001[0m 
[4;40;37m111/000[0m [4;41;37m111/001[0m [4;42;37m111/010[0m [4;43;37m111/011[0m [4;44;37m111/100[0m [4;45;37m111/101[0m [4;46;37m111/110[0m [4;47;37m111/111[0m [4;48;37m111/000[0m [4;49;37m111/001[0m 
[4;40;38m000/000[0m [4;41;38m000/001[0m [4;42;38m000/010[0m [4;43;38m000/011[0m [4;44;38m000/100[0m [4;45;38m000/101[0m [4;46;38m000/110[0m [4;47;38m000/111[0m [4;48;38m000/000[0m [4;49;38m000/001[0m 
[4;40;39m001/000[0m [4;41;39m001/001[0m [4;42;39m001/010[0m [4;43;39m001/011[0m [4;44;39m001/100[0m [4;45;39m001/101[0m [4;46;39m001/110[0m [4;47;39m001/111[0m [4;48;39m001/000[0m [4;49;39m001/001[0m 
5: [5mbold           [0m
[5;40;30m000/000[0m [5;41;30m000/001[0m [5;42;30m000/010[0m [5;43;30m000/011[0m [5;44;30m000/100[0m [5;45;30m000/101[0m [5;46;30m000/110[0m [5;47;30m000/111[0m [5;48;30m000/000[0m [5;49;30m000/001[0m 
[5;40;31m001/000[0m [5;41;31m001/001[0m [5;42;31m001/010[0m [5;43;31m001/011[0m [5;44;31m001/100[0m [5;45;31m001/101[0m [5;46;31m001/110[0m [5;47;31m001/111[0m [5;48;31m001/000[0m [5;49;31m001/001[0m 
[5;40;32m010/000[0m [5;41;32m010/001[0m [5;42;32m010/010[0m [5;43;32m010/011[0m [5;44;32m010/100[0m [5;45;32m010/101[0m [5;46;32m010/110[0m [5;47;32m010/111[0m [5;48;32m010/000[0m [5;49;32m010/001[0m 
[5;40;33m011/000[0m [5;41;33m011/001[0m [5;42;33m011/010[0m [5;43;33m011/011[0m [5;44;33m011/100[0m [5;45;33m011/101[0m [5;46;33m011/110[0m [5;47;33m011/111[0m [5;48;33m011/000[0m [5;49;33m011/001[0m 
[5;40;34m100/000[0m [5;41;34m100/001[0m [5;42;34m100/010[0m [5;43;34m100/011[0m [5;44;34m100/100[0m [5;45;34m100/101[0m [5;46;34m100/110[0m [5;47;34m100/111[0m [5;48;34m100/000[0m [5;49;34m100/001[0m 
[5;40;35m101/000[0m [5;41;35m101/001[0m [5;42;35m101/010[0m [5;43;35m101/011[0m [5;44;35m101/100[0m [5;45;35m101/101[0m [5;46;35m101/110[0m [5;47;35m101/111[0m [5;48;35m101/000[0m [5;49;35m101/001[0m 
[5;40;36m110/000[0m [5;41;36m110/001[0m [5;42;36m110/010[0m [5;43;36m110/011[0m [5;44;36m110/100[0m [5;45;36m110/101[0m [5;46;36m110/110[0m [5;47;36m110/111[0m [5;48;36m110/000[0m [5;49;36m110/001[0m 
[5;40;37m111/000[0m [5;41;37m111/001[0m [5;42;37m111/010[0m [5;43;37m111/011[0m [5;44;37m111/100[0m [5;45;37m111/101[0m [5;46;37m111/110[0m [5;47;37m111/111[0m [5;48;37m111/000[0m [5;49;37m111/001[0m 
[5;40;38m000/000[0m [5;41;38m000/001[0m [5;42;38m000/010[0m [5;43;38m000/011[0m [5;44;38m000/100[0m [5;45;38m000/101[0m [5;46;38m000/110[0m [5;47;38m000/111[0m [5;48;38m000/000[0m [5;49;38m000/001[0m 
[5;40;39m001/000[0m [5;41;39m001/001[0m [5;42;39m001/010[0m [5;43;39m001/011[0m [5;44;39m001/100[0m [5;45;39m001/101[0m [5;46;39m001/110[0m [5;47;39m001/111[0m [5;48;39m001/000[0m [5;49;39m001/001[0m 
6: [6mno effect?     [0m
[6;40;30m000/000[0m [6;41;30m000/001[0m [6;42;30m000/010[0m [6;43;30m000/011[0m [6;44;30m000/100[0m [6;45;30m000/101[0m [6;46;30m000/110[0m [6;47;30m000/111[0m [6;48;30m000/000[0m [6;49;30m000/001[0m 
[6;40;31m001/000[0m [6;41;31m001/001[0m [6;42;31m001/010[0m [6;43;31m001/011[0m [6;44;31m001/100[0m [6;45;31m001/101[0m [6;46;31m001/110[0m [6;47;31m001/111[0m [6;48;31m001/000[0m [6;49;31m001/001[0m 
[6;40;32m010/000[0m [6;41;32m010/001[0m [6;42;32m010/010[0m [6;43;32m010/011[0m [6;44;32m010/100[0m [6;45;32m010/101[0m [6;46;32m010/110[0m [6;47;32m010/111[0m [6;48;32m010/000[0m [6;49;32m010/001[0m 
[6;40;33m011/000[0m [6;41;33m011/001[0m [6;42;33m011/010[0m [6;43;33m011/011[0m [6;44;33m011/100[0m [6;45;33m011/101[0m [6;46;33m011/110[0m [6;47;33m011/111[0m [6;48;33m011/000[0m [6;49;33m011/001[0m 
[6;40;34m100/000[0m [6;41;34m100/001[0m [6;42;34m100/010[0m [6;43;34m100/011[0m [6;44;34m100/100[0m [6;45;34m100/101[0m [6;46;34m100/110[0m [6;47;34m100/111[0m [6;48;34m100/000[0m [6;49;34m100/001[0m 
[6;40;35m101/000[0m [6;41;35m101/001[0m [6;42;35m101/010[0m [6;43;35m101/011[0m [6;44;35m101/100[0m [6;45;35m101/101[0m [6;46;35m101/110[0m [6;47;35m101/111[0m [6;48;35m101/000[0m [6;49;35m101/001[0m 
[6;40;36m110/000[0m [6;41;36m110/001[0m [6;42;36m110/010[0m [6;43;36m110/011[0m [6;44;36m110/100[0m [6;45;36m110/101[0m [6;46;36m110/110[0m [6;47;36m110/111[0m [6;48;36m110/000[0m [6;49;36m110/001[0m 
[6;40;37m111/000[0m [6;41;37m111/001[0m [6;42;37m111/010[0m [6;43;37m111/011[0m [6;44;37m111/100[0m [6;45;37m111/101[0m [6;46;37m111/110[0m [6;47;37m111/111[0m [6;48;37m111/000[0m [6;49;37m111/001[0m 
[6;40;38m000/000[0m [6;41;38m000/001[0m [6;42;38m000/010[0m [6;43;38m000/011[0m [6;44;38m000/100[0m [6;45;38m000/101[0m [6;46;38m000/110[0m [6;47;38m000/111[0m [6;48;38m000/000[0m [6;49;38m000/001[0m 
[6;40;39m001/000[0m [6;41;39m001/001[0m [6;42;39m001/010[0m [6;43;39m001/011[0m [6;44;39m001/100[0m [6;45;39m001/101[0m [6;46;39m001/110[0m [6;47;39m001/111[0m [6;48;39m001/000[0m [6;49;39m001/001[0m 
7: [7minversed video [0m
[7;40;30m000/000[0m [7;41;30m000/001[0m [7;42;30m000/010[0m [7;43;30m000/011[0m [7;44;30m000/100[0m [7;45;30m000/101[0m [7;46;30m000/110[0m [7;47;30m000/111[0m [7;48;30m000/000[0m [7;49;30m000/001[0m 
[7;40;31m001/000[0m [7;41;31m001/001[0m [7;42;31m001/010[0m [7;43;31m001/011[0m [7;44;31m001/100[0m [7;45;31m001/101[0m [7;46;31m001/110[0m [7;47;31m001/111[0m [7;48;31m001/000[0m [7;49;31m001/001[0m 
[7;40;32m010/000[0m [7;41;32m010/001[0m [7;42;32m010/010[0m [7;43;32m010/011[0m [7;44;32m010/100[0m [7;45;32m010/101[0m [7;46;32m010/110[0m [7;47;32m010/111[0m [7;48;32m010/000[0m [7;49;32m010/001[0m 
[7;40;33m011/000[0m [7;41;33m011/001[0m [7;42;33m011/010[0m [7;43;33m011/011[0m [7;44;33m011/100[0m [7;45;33m011/101[0m [7;46;33m011/110[0m [7;47;33m011/111[0m [7;48;33m011/000[0m [7;49;33m011/001[0m 
[7;40;34m100/000[0m [7;41;34m100/001[0m [7;42;34m100/010[0m [7;43;34m100/011[0m [7;44;34m100/100[0m [7;45;34m100/101[0m [7;46;34m100/110[0m [7;47;34m100/111[0m [7;48;34m100/000[0m [7;49;34m100/001[0m 
[7;40;35m101/000[0m [7;41;35m101/001[0m [7;42;35m101/010[0m [7;43;35m101/011[0m [7;44;35m101/100[0m [7;45;35m101/101[0m [7;46;35m101/110[0m [7;47;35m101/111[0m [7;48;35m101/000[0m [7;49;35m101/001[0m 
[7;40;36m110/000[0m [7;41;36m110/001[0m [7;42;36m110/010[0m [7;43;36m110/011[0m [7;44;36m110/100[0m [7;45;36m110/101[0m [7;46;36m110/110[0m [7;47;36m110/111[0m [7;48;36m110/000[0m [7;49;36m110/001[0m 
[7;40;37m111/000[0m [7;41;37m111/001[0m [7;42;37m111/010[0m [7;43;37m111/011[0m [7;44;37m111/100[0m [7;45;37m111/101[0m [7;46;37m111/110[0m [7;47;37m111/111[0m [7;48;37m111/000[0m [7;49;37m111/001[0m 
[7;40;38m000/000[0m [7;41;38m000/001[0m [7;42;38m000/010[0m [7;43;38m000/011[0m [7;44;38m000/100[0m [7;45;38m000/101[0m [7;46;38m000/110[0m [7;47;38m000/111[0m [7;48;38m000/000[0m [7;49;38m000/001[0m 
[7;40;39m001/000[0m [7;41;39m001/001[0m [7;42;39m001/010[0m [7;43;39m001/011[0m [7;44;39m001/100[0m [7;45;39m001/101[0m [7;46;39m001/110[0m [7;47;39m001/111[0m [7;48;39m001/000[0m [7;49;39m001/001[0m 
8: [8mout of range?  [0m
[8;40;30m000/000[0m [8;41;30m000/001[0m [8;42;30m000/010[0m [8;43;30m000/011[0m [8;44;30m000/100[0m [8;45;30m000/101[0m [8;46;30m000/110[0m [8;47;30m000/111[0m [8;48;30m000/000[0m [8;49;30m000/001[0m 
[8;40;31m001/000[0m [8;41;31m001/001[0m [8;42;31m001/010[0m [8;43;31m001/011[0m [8;44;31m001/100[0m [8;45;31m001/101[0m [8;46;31m001/110[0m [8;47;31m001/111[0m [8;48;31m001/000[0m [8;49;31m001/001[0m 
[8;40;32m010/000[0m [8;41;32m010/001[0m [8;42;32m010/010[0m [8;43;32m010/011[0m [8;44;32m010/100[0m [8;45;32m010/101[0m [8;46;32m010/110[0m [8;47;32m010/111[0m [8;48;32m010/000[0m [8;49;32m010/001[0m 
[8;40;33m011/000[0m [8;41;33m011/001[0m [8;42;33m011/010[0m [8;43;33m011/011[0m [8;44;33m011/100[0m [8;45;33m011/101[0m [8;46;33m011/110[0m [8;47;33m011/111[0m [8;48;33m011/000[0m [8;49;33m011/001[0m 
[8;40;34m100/000[0m [8;41;34m100/001[0m [8;42;34m100/010[0m [8;43;34m100/011[0m [8;44;34m100/100[0m [8;45;34m100/101[0m [8;46;34m100/110[0m [8;47;34m100/111[0m [8;48;34m100/000[0m [8;49;34m100/001[0m 
[8;40;35m101/000[0m [8;41;35m101/001[0m [8;42;35m101/010[0m [8;43;35m101/011[0m [8;44;35m101/100[0m [8;45;35m101/101[0m [8;46;35m101/110[0m [8;47;35m101/111[0m [8;48;35m101/000[0m [8;49;35m101/001[0m 
[8;40;36m110/000[0m [8;41;36m110/001[0m [8;42;36m110/010[0m [8;43;36m110/011[0m [8;44;36m110/100[0m [8;45;36m110/101[0m [8;46;36m110/110[0m [8;47;36m110/111[0m [8;48;36m110/000[0m [8;49;36m110/001[0m 
[8;40;37m111/000[0m [8;41;37m111/001[0m [8;42;37m111/010[0m [8;43;37m111/011[0m [8;44;37m111/100[0m [8;45;37m111/101[0m [8;46;37m111/110[0m [8;47;37m111/111[0m [8;48;37m111/000[0m [8;49;37m111/001[0m 
[8;40;38m000/000[0m [8;41;38m000/001[0m [8;42;38m000/010[0m [8;43;38m000/011[0m [8;44;38m000/100[0m [8;45;38m000/101[0m [8;46;38m000/110[0m [8;47;38m000/111[0m [8;48;38m000/000[0m [8;49;38m000/001[0m 
[8;40;39m001/000[0m [8;41;39m001/001[0m [8;42;39m001/010[0m [8;43;39m001/011[0m [8;44;39m001/100[0m [8;45;39m001/101[0m [8;46;39m001/110[0m [8;47;39m001/111[0m [8;48;39m001/000[0m [8;49;39m001/001[0m 
9: [9mout of range?  [0m
[9;40;30m000/000[0m [9;41;30m000/001[0m [9;42;30m000/010[0m [9;43;30m000/011[0m [9;44;30m000/100[0m [9;45;30m000/101[0m [9;46;30m000/110[0m [9;47;30m000/111[0m [9;48;30m000/000[0m [9;49;30m000/001[0m 
[9;40;31m001/000[0m [9;41;31m001/001[0m [9;42;31m001/010[0m [9;43;31m001/011[0m [9;44;31m001/100[0m [9;45;31m001/101[0m [9;46;31m001/110[0m [9;47;31m001/111[0m [9;48;31m001/000[0m [9;49;31m001/001[0m 
[9;40;32m010/000[0m [9;41;32m010/001[0m [9;42;32m010/010[0m [9;43;32m010/011[0m [9;44;32m010/100[0m [9;45;32m010/101[0m [9;46;32m010/110[0m [9;47;32m010/111[0m [9;48;32m010/000[0m [9;49;32m010/001[0m 
[9;40;33m011/000[0m [9;41;33m011/001[0m [9;42;33m011/010[0m [9;43;33m011/011[0m [9;44;33m011/100[0m [9;45;33m011/101[0m [9;46;33m011/110[0m [9;47;33m011/111[0m [9;48;33m011/000[0m [9;49;33m011/001[0m 
[9;40;34m100/000[0m [9;41;34m100/001[0m [9;42;34m100/010[0m [9;43;34m100/011[0m [9;44;34m100/100[0m [9;45;34m100/101[0m [9;46;34m100/110[0m [9;47;34m100/111[0m [9;48;34m100/000[0m [9;49;34m100/001[0m 
[9;40;35m101/000[0m [9;41;35m101/001[0m [9;42;35m101/010[0m [9;43;35m101/011[0m [9;44;35m101/100[0m [9;45;35m101/101[0m [9;46;35m101/110[0m [9;47;35m101/111[0m [9;48;35m101/000[0m [9;49;35m101/001[0m 
[9;40;36m110/000[0m [9;41;36m110/001[0m [9;42;36m110/010[0m [9;43;36m110/011[0m [9;44;36m110/100[0m [9;45;36m110/101[0m [9;46;36m110/110[0m [9;47;36m110/111[0m [9;48;36m110/000[0m [9;49;36m110/001[0m 
[9;40;37m111/000[0m [9;41;37m111/001[0m [9;42;37m111/010[0m [9;43;37m111/011[0m [9;44;37m111/100[0m [9;45;37m111/101[0m [9;46;37m111/110[0m [9;47;37m111/111[0m [9;48;37m111/000[0m [9;49;37m111/001[0m 
[9;40;38m000/000[0m [9;41;38m000/001[0m [9;42;38m000/010[0m [9;43;38m000/011[0m [9;44;38m000/100[0m [9;45;38m000/101[0m [9;46;38m000/110[0m [9;47;38m000/111[0m [9;48;38m000/000[0m [9;49;38m000/001[0m 
[9;40;39m001/000[0m [9;41;39m001/001[0m [9;42;39m001/010[0m [9;43;39m001/011[0m [9;44;39m001/100[0m [9;45;39m001/101[0m [9;46;39m001/110[0m [9;47;39m001/111[0m [9;48;39m001/000[0m [9;49;39m001/001[0m 
[0m